{"/Users/yang.zhang/Documents/github/canvas-demo/example/collide_02/canvas/timeSystem.ts": {"path":"/Users/yang.zhang/Documents/github/canvas-demo/example/collide_02/canvas/timeSystem.ts","statementMap":{"0":{"start":{"line":9,"column":4},"end":{"line":9,"column":23}},"1":{"start":{"line":10,"column":4},"end":{"line":10,"column":21}},"2":{"start":{"line":11,"column":4},"end":{"line":11,"column":25}},"3":{"start":{"line":16,"column":4},"end":{"line":16,"column":32}},"4":{"start":{"line":17,"column":4},"end":{"line":17,"column":24}},"5":{"start":{"line":18,"column":4},"end":{"line":18,"column":21}},"6":{"start":{"line":23,"column":4},"end":{"line":23,"column":25}},"7":{"start":{"line":24,"column":4},"end":{"line":24,"column":47}},"8":{"start":{"line":29,"column":4},"end":{"line":29,"column":69}},"9":{"start":{"line":34,"column":4},"end":{"line":34,"column":32}},"10":{"start":{"line":35,"column":4},"end":{"line":35,"column":21}},"11":{"start":{"line":40,"column":4},"end":{"line":40,"column":24}},"12":{"start":{"line":49,"column":4},"end":{"line":49,"column":12}},"13":{"start":{"line":50,"column":4},"end":{"line":50,"column":29}},"14":{"start":{"line":51,"column":4},"end":{"line":51,"column":33}},"15":{"start":{"line":56,"column":4},"end":{"line":58,"column":5}},"16":{"start":{"line":57,"column":6},"end":{"line":57,"column":15}},"17":{"start":{"line":60,"column":18},"end":{"line":60,"column":40}},"18":{"start":{"line":61,"column":26},"end":{"line":61,"column":49}},"19":{"start":{"line":62,"column":4},"end":{"line":62,"column":74}},"20":{"start":{"line":67,"column":4},"end":{"line":67,"column":49}},"21":{"start":{"line":72,"column":4},"end":{"line":74,"column":6}},"22":{"start":{"line":73,"column":6},"end":{"line":73,"column":29}},"23":{"start":{"line":79,"column":4},"end":{"line":81,"column":6}},"24":{"start":{"line":80,"column":6},"end":{"line":80,"column":53}},"25":{"start":{"line":86,"column":4},"end":{"line":88,"column":6}},"26":{"start":{"line":87,"column":6},"end":{"line":87,"column":61}},"27":{"start":{"line":93,"column":4},"end":{"line":95,"column":6}},"28":{"start":{"line":94,"column":6},"end":{"line":94,"column":87}},"29":{"start":{"line":100,"column":4},"end":{"line":102,"column":6}},"30":{"start":{"line":101,"column":6},"end":{"line":101,"column":106}},"31":{"start":{"line":107,"column":13},"end":{"line":107,"column":48}},"32":{"start":{"line":108,"column":4},"end":{"line":111,"column":6}},"33":{"start":{"line":109,"column":6},"end":{"line":109,"column":44}},"34":{"start":{"line":110,"column":6},"end":{"line":110,"column":74}},"35":{"start":{"line":122,"column":4},"end":{"line":122,"column":21}},"36":{"start":{"line":123,"column":4},"end":{"line":123,"column":26}},"37":{"start":{"line":124,"column":4},"end":{"line":124,"column":51}},"38":{"start":{"line":124,"column":43},"end":{"line":124,"column":50}},"39":{"start":{"line":125,"column":4},"end":{"line":125,"column":33}},"40":{"start":{"line":130,"column":56},"end":{"line":130,"column":60}},"41":{"start":{"line":131,"column":4},"end":{"line":138,"column":5}},"42":{"start":{"line":132,"column":30},"end":{"line":132,"column":62}},"43":{"start":{"line":133,"column":6},"end":{"line":135,"column":7}},"44":{"start":{"line":134,"column":8},"end":{"line":134,"column":58}},"45":{"start":{"line":136,"column":6},"end":{"line":136,"column":40}},"46":{"start":{"line":137,"column":6},"end":{"line":137,"column":44}},"47":{"start":{"line":143,"column":4},"end":{"line":143,"column":21}},"48":{"start":{"line":144,"column":4},"end":{"line":144,"column":42}},"49":{"start":{"line":149,"column":4},"end":{"line":152,"column":5}},"50":{"start":{"line":150,"column":6},"end":{"line":150,"column":30}},"51":{"start":{"line":151,"column":6},"end":{"line":151,"column":27}},"52":{"start":{"line":157,"column":4},"end":{"line":160,"column":5}},"53":{"start":{"line":158,"column":6},"end":{"line":158,"column":44}},"54":{"start":{"line":159,"column":6},"end":{"line":159,"column":28}},"55":{"start":{"line":164,"column":56},"end":{"line":164,"column":60}},"56":{"start":{"line":165,"column":4},"end":{"line":167,"column":5}},"57":{"start":{"line":166,"column":6},"end":{"line":166,"column":26}},"58":{"start":{"line":168,"column":28},"end":{"line":168,"column":60}},"59":{"start":{"line":169,"column":4},"end":{"line":171,"column":5}},"60":{"start":{"line":170,"column":6},"end":{"line":170,"column":56}},"61":{"start":{"line":172,"column":4},"end":{"line":172,"column":44}},"62":{"start":{"line":177,"column":25},"end":{"line":177,"column":29}},"63":{"start":{"line":178,"column":4},"end":{"line":178,"column":28}},"64":{"start":{"line":179,"column":4},"end":{"line":179,"column":41}},"65":{"start":{"line":180,"column":4},"end":{"line":182,"column":5}},"66":{"start":{"line":181,"column":6},"end":{"line":181,"column":70}}},"fnMap":{"0":{"name":"(anonymous_0)","decl":{"start":{"line":8,"column":2},"end":{"line":null,"column":-1}},"loc":{"start":{"line":8,"column":2},"end":{"line":12,"column":3}}},"1":{"name":"(anonymous_1)","decl":{"start":{"line":15,"column":9},"end":{"line":15,"column":13}},"loc":{"start":{"line":15,"column":14},"end":{"line":19,"column":3}}},"2":{"name":"(anonymous_2)","decl":{"start":{"line":22,"column":9},"end":{"line":22,"column":12}},"loc":{"start":{"line":22,"column":13},"end":{"line":25,"column":3}}},"3":{"name":"(anonymous_3)","decl":{"start":{"line":28,"column":9},"end":{"line":28,"column":22}},"loc":{"start":{"line":28,"column":23},"end":{"line":30,"column":3}}},"4":{"name":"(anonymous_4)","decl":{"start":{"line":33,"column":9},"end":{"line":33,"column":13}},"loc":{"start":{"line":33,"column":14},"end":{"line":36,"column":3}}},"5":{"name":"(anonymous_5)","decl":{"start":{"line":39,"column":9},"end":{"line":39,"column":17}},"loc":{"start":{"line":39,"column":18},"end":{"line":41,"column":3}}},"6":{"name":"(anonymous_6)","decl":{"start":{"line":48,"column":2},"end":{"line":48,"column":13}},"loc":{"start":{"line":48,"column":71},"end":{"line":52,"column":3}}},"7":{"name":"(anonymous_7)","decl":{"start":{"line":55,"column":9},"end":{"line":55,"column":22}},"loc":{"start":{"line":55,"column":23},"end":{"line":63,"column":3}}},"8":{"name":"(anonymous_8)","decl":{"start":{"line":66,"column":9},"end":{"line":66,"column":17}},"loc":{"start":{"line":66,"column":18},"end":{"line":68,"column":3}}},"9":{"name":"(anonymous_9)","decl":{"start":{"line":71,"column":2},"end":{"line":71,"column":7}},"loc":{"start":{"line":71,"column":19},"end":{"line":75,"column":3}}},"10":{"name":"(anonymous_10)","decl":{"start":{"line":72,"column":11},"end":{"line":72,"column":19}},"loc":{"start":{"line":72,"column":35},"end":{"line":74,"column":5}}},"11":{"name":"(anonymous_11)","decl":{"start":{"line":78,"column":2},"end":{"line":78,"column":7}},"loc":{"start":{"line":78,"column":32},"end":{"line":82,"column":3}}},"12":{"name":"(anonymous_12)","decl":{"start":{"line":79,"column":11},"end":{"line":79,"column":19}},"loc":{"start":{"line":79,"column":35},"end":{"line":81,"column":5}}},"13":{"name":"(anonymous_13)","decl":{"start":{"line":85,"column":2},"end":{"line":85,"column":7}},"loc":{"start":{"line":85,"column":33},"end":{"line":89,"column":3}}},"14":{"name":"(anonymous_14)","decl":{"start":{"line":86,"column":11},"end":{"line":86,"column":19}},"loc":{"start":{"line":86,"column":35},"end":{"line":88,"column":5}}},"15":{"name":"(anonymous_15)","decl":{"start":{"line":92,"column":2},"end":{"line":92,"column":7}},"loc":{"start":{"line":92,"column":22},"end":{"line":96,"column":3}}},"16":{"name":"(anonymous_16)","decl":{"start":{"line":93,"column":11},"end":{"line":93,"column":19}},"loc":{"start":{"line":93,"column":35},"end":{"line":95,"column":5}}},"17":{"name":"(anonymous_17)","decl":{"start":{"line":99,"column":2},"end":{"line":99,"column":7}},"loc":{"start":{"line":99,"column":31},"end":{"line":103,"column":3}}},"18":{"name":"(anonymous_18)","decl":{"start":{"line":100,"column":11},"end":{"line":100,"column":19}},"loc":{"start":{"line":100,"column":35},"end":{"line":102,"column":5}}},"19":{"name":"(anonymous_19)","decl":{"start":{"line":106,"column":2},"end":{"line":106,"column":7}},"loc":{"start":{"line":106,"column":27},"end":{"line":112,"column":3}}},"20":{"name":"(anonymous_20)","decl":{"start":{"line":108,"column":11},"end":{"line":108,"column":19}},"loc":{"start":{"line":108,"column":35},"end":{"line":111,"column":5}}},"21":{"name":"(anonymous_21)","decl":{"start":{"line":121,"column":2},"end":{"line":null,"column":-1}},"loc":{"start":{"line":121,"column":2},"end":{"line":126,"column":3}}},"22":{"name":"(anonymous_22)","decl":{"start":{"line":124,"column":22},"end":{"line":124,"column":23}},"loc":{"start":{"line":124,"column":43},"end":{"line":124,"column":50}}},"23":{"name":"(anonymous_23)","decl":{"start":{"line":129,"column":10},"end":{"line":129,"column":25}},"loc":{"start":{"line":129,"column":26},"end":{"line":139,"column":3}}},"24":{"name":"(anonymous_24)","decl":{"start":{"line":142,"column":9},"end":{"line":142,"column":13}},"loc":{"start":{"line":142,"column":14},"end":{"line":145,"column":3}}},"25":{"name":"(anonymous_25)","decl":{"start":{"line":148,"column":9},"end":{"line":148,"column":14}},"loc":{"start":{"line":148,"column":15},"end":{"line":153,"column":3}}},"26":{"name":"(anonymous_26)","decl":{"start":{"line":156,"column":9},"end":{"line":156,"column":16}},"loc":{"start":{"line":156,"column":17},"end":{"line":161,"column":3}}},"27":{"name":"(anonymous_27)","decl":{"start":{"line":163,"column":9},"end":{"line":163,"column":18}},"loc":{"start":{"line":163,"column":19},"end":{"line":173,"column":3}}},"28":{"name":"(anonymous_28)","decl":{"start":{"line":176,"column":9},"end":{"line":176,"column":21}},"loc":{"start":{"line":176,"column":85},"end":{"line":183,"column":3}}}},"branchMap":{"0":{"loc":{"start":{"line":29,"column":26},"end":{"line":29,"column":53}},"type":"cond-expr","locations":[{"start":{"line":29,"column":26},"end":{"line":29,"column":53}},{"start":{"line":29,"column":56},"end":{"line":29,"column":68}}]},"1":{"loc":{"start":{"line":48,"column":25},"end":{"line":48,"column":29}},"type":"default-arg","locations":[{"start":{"line":48,"column":25},"end":{"line":48,"column":29}}]},"2":{"loc":{"start":{"line":48,"column":44},"end":{"line":48,"column":71}},"type":"default-arg","locations":[{"start":{"line":48,"column":44},"end":{"line":48,"column":71}}]},"3":{"loc":{"start":{"line":56,"column":4},"end":{"line":58,"column":5}},"type":"if","locations":[{"start":{"line":56,"column":4},"end":{"line":58,"column":5}},{"start":{"line":56,"column":4},"end":{"line":58,"column":5}}]},"4":{"loc":{"start":{"line":56,"column":8},"end":{"line":56,"column":25}},"type":"binary-expr","locations":[{"start":{"line":56,"column":8},"end":{"line":56,"column":25}},{"start":{"line":56,"column":29},"end":{"line":56,"column":43}}]},"5":{"loc":{"start":{"line":78,"column":31},"end":{"line":78,"column":32}},"type":"default-arg","locations":[{"start":{"line":78,"column":31},"end":{"line":78,"column":32}}]},"6":{"loc":{"start":{"line":85,"column":32},"end":{"line":85,"column":33}},"type":"default-arg","locations":[{"start":{"line":85,"column":32},"end":{"line":85,"column":33}}]},"7":{"loc":{"start":{"line":99,"column":30},"end":{"line":99,"column":31}},"type":"default-arg","locations":[{"start":{"line":99,"column":30},"end":{"line":99,"column":31}}]},"8":{"loc":{"start":{"line":110,"column":36},"end":{"line":110,"column":51}},"type":"cond-expr","locations":[{"start":{"line":110,"column":36},"end":{"line":110,"column":51}},{"start":{"line":110,"column":54},"end":{"line":110,"column":73}}]},"9":{"loc":{"start":{"line":131,"column":4},"end":{"line":138,"column":5}},"type":"if","locations":[{"start":{"line":131,"column":4},"end":{"line":138,"column":5}},{"start":{"line":131,"column":4},"end":{"line":138,"column":5}}]},"10":{"loc":{"start":{"line":133,"column":6},"end":{"line":135,"column":7}},"type":"if","locations":[{"start":{"line":133,"column":6},"end":{"line":135,"column":7}},{"start":{"line":133,"column":6},"end":{"line":135,"column":7}}]},"11":{"loc":{"start":{"line":149,"column":4},"end":{"line":152,"column":5}},"type":"if","locations":[{"start":{"line":149,"column":4},"end":{"line":152,"column":5}},{"start":{"line":149,"column":4},"end":{"line":152,"column":5}}]},"12":{"loc":{"start":{"line":157,"column":4},"end":{"line":160,"column":5}},"type":"if","locations":[{"start":{"line":157,"column":4},"end":{"line":160,"column":5}},{"start":{"line":157,"column":4},"end":{"line":160,"column":5}}]},"13":{"loc":{"start":{"line":165,"column":4},"end":{"line":167,"column":5}},"type":"if","locations":[{"start":{"line":165,"column":4},"end":{"line":167,"column":5}},{"start":{"line":165,"column":4},"end":{"line":167,"column":5}}]},"14":{"loc":{"start":{"line":169,"column":4},"end":{"line":171,"column":5}},"type":"if","locations":[{"start":{"line":169,"column":4},"end":{"line":171,"column":5}},{"start":{"line":169,"column":4},"end":{"line":171,"column":5}}]},"15":{"loc":{"start":{"line":180,"column":4},"end":{"line":182,"column":5}},"type":"if","locations":[{"start":{"line":180,"column":4},"end":{"line":182,"column":5}},{"start":{"line":180,"column":4},"end":{"line":182,"column":5}}]}},"s":{"0":1,"1":1,"2":1,"3":1,"4":1,"5":1,"6":0,"7":0,"8":1,"9":0,"10":0,"11":0,"12":0,"13":0,"14":0,"15":0,"16":0,"17":0,"18":0,"19":0,"20":0,"21":0,"22":0,"23":0,"24":0,"25":0,"26":0,"27":0,"28":0,"29":0,"30":0,"31":0,"32":0,"33":0,"34":0,"35":0,"36":0,"37":0,"38":0,"39":0,"40":0,"41":0,"42":0,"43":0,"44":0,"45":0,"46":0,"47":0,"48":0,"49":0,"50":0,"51":0,"52":0,"53":0,"54":0,"55":0,"56":0,"57":0,"58":0,"59":0,"60":0,"61":0,"62":0,"63":0,"64":0,"65":0,"66":0},"f":{"0":1,"1":1,"2":0,"3":1,"4":0,"5":0,"6":0,"7":0,"8":0,"9":0,"10":0,"11":0,"12":0,"13":0,"14":0,"15":0,"16":0,"17":0,"18":0,"19":0,"20":0,"21":0,"22":0,"23":0,"24":0,"25":0,"26":0,"27":0,"28":0},"b":{"0":[1,0],"1":[0],"2":[0],"3":[0,0],"4":[0,0],"5":[0],"6":[0],"7":[0],"8":[0,0],"9":[0,0],"10":[0,0],"11":[0,0],"12":[0,0],"13":[0,0],"14":[0,0],"15":[0,0]}}
}
